<?xml version="1.0" encoding="UTF-8"?>
<testng-results skipped="0" failed="0" total="1" passed="1">
  <reporter-output>
  </reporter-output>
  <suite name="Amazon App running on Firefox Browser" duration-ms="264478" started-at="2016-04-24T16:10:05Z" finished-at="2016-04-24T16:14:30Z">
    <groups>
    </groups>
    <test name="Home Page" duration-ms="264478" started-at="2016-04-24T16:10:05Z" finished-at="2016-04-24T16:14:30Z">
      <class name="search.ItemSearch">
        <test-method status="PASS" signature="setUp(java.lang.String)[pri:0, instance:search.ItemSearch@21bcffb5]" name="setUp" is-config="true" duration-ms="7985" started-at="2016-04-24T12:10:05Z" finished-at="2016-04-24T12:10:13Z">
          <params>
            <param index="0">
              <value>
                <![CDATA[http://www.amazon.com]]>
              </value>
            </param>
          </params>
          <reporter-output>
          </reporter-output>
        </test-method> <!-- setUp -->
        <test-method status="PASS" signature="dropDownSearch()[pri:0, instance:search.ItemSearch@21bcffb5]" name="dropDownSearch" duration-ms="254963" started-at="2016-04-24T12:10:13Z" finished-at="2016-04-24T12:14:28Z">
          <reporter-output>
          </reporter-output>
        </test-method> <!-- dropDownSearch -->
        <test-method status="PASS" signature="cleanUp()[pri:0, instance:search.ItemSearch@21bcffb5]" name="cleanUp" is-config="true" duration-ms="1519" started-at="2016-04-24T12:14:28Z" finished-at="2016-04-24T12:14:30Z">
          <reporter-output>
          </reporter-output>
        </test-method> <!-- cleanUp -->
      </class> <!-- search.ItemSearch -->
    </test> <!-- Home Page -->
  </suite> <!-- Amazon App running on Firefox Browser -->
</testng-results>
