<?xml version="1.0" encoding="UTF-8"?>
<testng-results skipped="0" failed="0" total="1" passed="1">
  <reporter-output>
  </reporter-output>
  <suite name="Cnn App running on Firefox Browser" duration-ms="20482" started-at="2016-04-24T16:28:05Z" finished-at="2016-04-24T16:28:25Z">
    <groups>
    </groups>
    <test name="Home Page" duration-ms="20482" started-at="2016-04-24T16:28:05Z" finished-at="2016-04-24T16:28:25Z">
      <class name="news.Search">
        <test-method status="PASS" signature="setUp(java.lang.String)[pri:0, instance:news.Search@21bcffb5]" name="setUp" is-config="true" duration-ms="15264" started-at="2016-04-24T12:28:05Z" finished-at="2016-04-24T12:28:20Z">
          <params>
            <param index="0">
              <value>
                <![CDATA[http://www.cnn.com]]>
              </value>
            </param>
          </params>
          <reporter-output>
          </reporter-output>
        </test-method> <!-- setUp -->
        <test-method status="PASS" signature="searchNews()[pri:0, instance:news.Search@21bcffb5]" name="searchNews" duration-ms="4679" started-at="2016-04-24T12:28:20Z" finished-at="2016-04-24T12:28:25Z">
          <reporter-output>
          </reporter-output>
        </test-method> <!-- searchNews -->
        <test-method status="PASS" signature="cleanUp()[pri:0, instance:news.Search@21bcffb5]" name="cleanUp" is-config="true" duration-ms="530" started-at="2016-04-24T12:28:25Z" finished-at="2016-04-24T12:28:25Z">
          <reporter-output>
          </reporter-output>
        </test-method> <!-- cleanUp -->
      </class> <!-- news.Search -->
    </test> <!-- Home Page -->
  </suite> <!-- Cnn App running on Firefox Browser -->
</testng-results>
